12:05:2022 - 23:53:53.244 [main] INFO  ExecutionLogFile - User Successfully clicked on JobSeeker Login 
12:05:2022 - 23:53:54.797 [main] INFO  ExecutionLogFile - User Successfully Logged in !!!
12:05:2022 - 23:53:58.927 [main] INFO  ExecutionLogFile - Task done hence closing the session...
12:05:2022 - 23:55:23.972 [main] INFO  ExecutionLogFile - User Successfully clicked on JobSeeker Login 
12:05:2022 - 23:55:25.731 [main] INFO  ExecutionLogFile - User Successfully Logged in !!!
12:05:2022 - 23:55:29.706 [main] INFO  ExecutionLogFile - Task done hence closing the session...
12:05:2022 - 23:59:39.621 [main] INFO  ExecutionLogFile - User Successfully clicked on JobSeeker Login 
12:05:2022 - 23:59:41.287 [main] INFO  ExecutionLogFile - User Successfully Logged in !!!
12:05:2022 - 23:59:45.534 [main] INFO  ExecutionLogFile - Task done hence closing the session...
13:05:2022 - 00:06:52.023 [main] INFO  ExecutionLogFile - User Successfully clicked on JobSeeker Login 
13:05:2022 - 00:06:53.808 [main] INFO  ExecutionLogFile - User Successfully Logged in !!!
13:05:2022 - 00:07:18.463 [main] INFO  ExecutionLogFile - Task done hence closing the session...
13:05:2022 - 00:28:49.840 [main] INFO  com.hrm.testscript.wdBasic - User Successfully clicked on JobSeeker Login 
13:05:2022 - 00:28:49.840 [main] INFO  com.hrm.testscript.wdBasic - User Successfully clicked on JobSeeker Login 
13:05:2022 - 00:28:51.431 [main] INFO  com.hrm.testscript.wdBasic - User Successfully Logged in !!!
13:05:2022 - 00:28:51.431 [main] INFO  com.hrm.testscript.wdBasic - User Successfully Logged in !!!
13:05:2022 - 00:28:55.917 [main] INFO  com.hrm.testscript.wdBasic - Task done hence closing the session...
13:05:2022 - 00:28:55.917 [main] INFO  com.hrm.testscript.wdBasic - Task done hence closing the session...
13:05:2022 - 00:30:10.266 [main] INFO  com.hrm.testscript.wdBasic - User Successfully clicked on JobSeeker Login 
13:05:2022 - 00:30:11.888 [main] INFO  com.hrm.testscript.wdBasic - User Successfully Logged in !!!
13:05:2022 - 00:30:16.410 [main] INFO  com.hrm.testscript.wdBasic - Task done hence closing the session...
